<?xml version="1.0" encoding="UTF-8"?>
<!-- Generated by org.testng.reporters.JUnitReportReporter -->
<testsuite skipped="0" hostname="DESKTOP-JCSSE19" name="AppiumProject.JavaAppium.Print2Test" tests="2" failures="0" timestamp="2021-12-29T15:17:40 CET" time="0.001" errors="0">
  <testcase name="test1" time="0.001" classname="AppiumProject.JavaAppium.Print2Test"/>
  <system-out/>
  <testcase name="test2" time="0.000" classname="AppiumProject.JavaAppium.Print2Test"/>
  <system-out/>
</testsuite> <!-- AppiumProject.JavaAppium.Print2Test -->
