<?xml version="1.0" encoding="UTF-8"?>
<!-- Generated by org.testng.reporters.JUnitReportReporter -->
<testsuite skipped="0" hostname="DESKTOP-JCSSE19" name="AppiumProject.JavaAppium.TextTest" tests="1" failures="0" timestamp="2021-12-29T16:50:34 CET" time="12.921" errors="0">
  <testcase name="test1" time="12.921" classname="AppiumProject.JavaAppium.TextTest"/>
  <system-out/>
</testsuite> <!-- AppiumProject.JavaAppium.TextTest -->
