<?xml version="1.0" encoding="UTF-8"?>
<!-- Generated by org.testng.reporters.JUnitReportReporter -->
<testsuite skipped="0" hostname="DESKTOP-JCSSE19" name="AppiumProject.JavaAppium.ScrollTest" tests="1" failures="0" timestamp="2021-12-30T19:14:14 CET" time="18.288" errors="0">
  <testcase name="ScrollTest1" time="18.288" classname="AppiumProject.JavaAppium.ScrollTest"/>
  <system-out/>
</testsuite> <!-- AppiumProject.JavaAppium.ScrollTest -->
