<?xml version="1.0" encoding="UTF-8"?>
<!-- Generated by org.testng.reporters.JUnitReportReporter -->
<testsuite skipped="0" hostname="DESKTOP-JCSSE19" name="AppiumProject.JavaAppium.TextTest" tests="1" failures="0" timestamp="2021-12-30T18:31:44 CET" time="16.281" errors="0">
  <testcase name="test1" time="16.281" classname="AppiumProject.JavaAppium.TextTest"/>
  <system-out/>
</testsuite> <!-- AppiumProject.JavaAppium.TextTest -->
