<?xml version="1.0" encoding="UTF-8"?>
<!-- Generated by org.testng.reporters.JUnitReportReporter -->
<<<<<<< HEAD
<testsuite skipped="0" hostname="DESKTOP-JCSSE19" name="AppiumProject.JavaAppium.SwipeTest" tests="1" failures="0" timestamp="2021-12-30T18:31:44 CET" time="24.266" errors="0">
  <testcase name="test1" time="24.266" classname="AppiumProject.JavaAppium.SwipeTest"/>
=======
<testsuite skipped="0" hostname="DESKTOP-JCSSE19" name="AppiumProject.JavaAppium.SwipeTest" tests="1" failures="0" timestamp="2021-12-29T18:06:52 CET" time="29.307" errors="0">
  <testcase name="Swipe" time="29.307" classname="AppiumProject.JavaAppium.SwipeTest"/>
>>>>>>> 306b323424a3fb45002edd96cf441045dc29b3f7
  <system-out/>
</testsuite> <!-- AppiumProject.JavaAppium.SwipeTest -->
