<?xml version="1.0" encoding="UTF-8"?>
<!-- Generated by org.testng.reporters.JUnitReportReporter -->
<testsuite skipped="0" hostname="DESKTOP-JCSSE19" name="AppiumProject.JavaAppium.SwipeTest" tests="1" failures="0" timestamp="2021-12-30T18:31:44 CET" time="24.266" errors="0">
  <testcase name="test1" time="24.266" classname="AppiumProject.JavaAppium.SwipeTest"/>
  <system-out/>
</testsuite> <!-- AppiumProject.JavaAppium.SwipeTest -->
