<?xml version="1.0" encoding="UTF-8"?>
<!-- Generated by org.testng.reporters.JUnitReportReporter -->
<testsuite skipped="0" hostname="DESKTOP-JCSSE19" name="AppiumProject.JavaAppium.Test1" tests="2" failures="0" timestamp="2021-12-28T20:47:55 CET" time="0.009" errors="0">
  <testcase name="Test2" time="0.001" classname="AppiumProject.JavaAppium.Test1"/>
  <system-out/>
  <testcase name="Test1" time="0.008" classname="AppiumProject.JavaAppium.Test1"/>
  <system-out/>
</testsuite> <!-- AppiumProject.JavaAppium.Test1 -->
