<?xml version="1.0" encoding="UTF-8"?>
<!-- Generated by org.testng.reporters.JUnitReportReporter -->
<testsuite skipped="0" hostname="DESKTOP-JCSSE19" name="AppiumProject.JavaAppium.SwipeTest" tests="1" failures="0" timestamp="2021-12-29T18:06:52 CET" time="29.307" errors="0">
  <testcase name="Swipe" time="29.307" classname="AppiumProject.JavaAppium.SwipeTest"/>
  <system-out/>
</testsuite> <!-- AppiumProject.JavaAppium.SwipeTest -->
