<?xml version="1.0" encoding="UTF-8"?>
<!-- Generated by org.testng.reporters.JUnitReportReporter -->
<testsuite skipped="0" hostname="DESKTOP-JCSSE19" name="AppiumProject.JavaAppium.Test2" tests="2" failures="0" timestamp="2021-12-28T21:19:38 CET" time="0.000" errors="0">
  <testcase name="Test1" time="0.000" classname="AppiumProject.JavaAppium.Test2"/>
  <system-out/>
  <testcase name="Test2" time="0.000" classname="AppiumProject.JavaAppium.Test2"/>
  <system-out/>
</testsuite> <!-- AppiumProject.JavaAppium.Test2 -->
