<?xml version="1.0" encoding="UTF-8"?>
<!-- Generated by org.testng.reporters.JUnitReportReporter -->
<testsuite skipped="0" hostname="DESKTOP-JCSSE19" name="AppiumProject.JavaAppium.SwipeTest" tests="2" failures="0" timestamp="2022-01-09T20:30:24 CET" time="59.971" errors="0">
  <testcase name="Swipe" time="29.290" classname="AppiumProject.JavaAppium.SwipeTest"/>
  <system-out/>
  <testcase name="Swipe" time="30.681" classname="AppiumProject.JavaAppium.SwipeTest"/>
  <system-out/>
</testsuite> <!-- AppiumProject.JavaAppium.SwipeTest -->
